
--- SAVE TRACE 2026-05-11T22:48:36.252Z ---
ID: cmp1smd4f0003ta4ogtgh2grb
BODY: {
  "name": "summer Campaign 3033",
  "subject": "Big summer offers for yu",
  "currentStep": 1,
  "tags": [],
  "previewText": "Exclusive discounts Available now",
  "senderName": "marketing Team",
  "senderEmail": "saheelyadav67@gmail.com",
  "replyToEmail": "shivamsinghr098@gmail.com"
}

--- SAVE TRACE 2026-05-11T22:48:38.661Z ---
ID: cmp1smd4f0003ta4ogtgh2grb
BODY: {
  "currentStep": 2,
  "status": "DRAFT"
}

--- SAVE TRACE 2026-05-11T22:48:43.496Z ---
ID: cmp1smd4f0003ta4ogtgh2grb
BODY: {
  "name": "summer Campaign 3033",
  "subject": "Big summer offers for yu",
  "currentStep": 2,
  "tags": [],
  "previewText": "Exclusive discounts Available now",
  "senderName": "marketing Team",
  "senderEmail": "saheelyadav67@gmail.com",
  "replyToEmail": "shivamsinghr098@gmail.com"
}

--- SAVE TRACE 2026-05-11T22:48:47.334Z ---
ID: cmp1smd4f0003ta4ogtgh2grb
BODY: {
  "templateId": "cmp024rz2000hlb04fx8tav3y",
  "currentStep": 3
}

--- SAVE TRACE 2026-05-11T22:48:48.423Z ---
ID: cmp1smd4f0003ta4ogtgh2grb
BODY: {
  "currentStep": 3,
  "status": "DRAFT"
}

--- SAVE TRACE 2026-05-11T22:48:48.681Z ---
ID: cmp1smd4f0003ta4ogtgh2grb
BODY: {
  "currentStep": 4,
  "status": "DRAFT",
  "templateId": "cmp024rz2000hlb04fx8tav3y"
}
